http://ec2-3-131-244-37.us-east-2.compute.amazonaws.com:7770/
Taking action [{"type": "type_and_submit", "name": "header.search_box.search_input", "text": "unisex oversized denim jacket", "description": "Typing 'unisex oversized denim jacket' into the search input field and submitting the form."}]
{'type': 'type_and_submit', 'name': 'header.search_box.search_input', 'text': 'unisex oversized denim jacket', 'description': "Typing 'unisex oversized denim jacket' into the search input field and submitting the form."}
init
--------------------------------------------------
http://ec2-3-131-244-37.us-east-2.compute.amazonaws.com:7770/catalogsearch/result/?q=unisex+oversized+denim+jacket
Taking action [{"type": "click", "name": "search_results._guroa_women_90s_hip_hop_baseball_jacket_oversized_letter_icon_print_long_sleeve_outerwear_stand_collar_patchwork_cute_coat_.view_product", "description": "Click on the GUROA Women 90s Hip Hop Baseball Jacket Oversized Letter Icon Print Long Sleeve Outerwear Stand Collar Patchwork Cute Coat to review its details and see if it meets the requirements."}]
{'type': 'click', 'name': 'search_results._guroa_women_90s_hip_hop_baseball_jacket_oversized_letter_icon_print_long_sleeve_outerwear_stand_collar_patchwork_cute_coat_.view_product', 'description': 'Click on the GUROA Women 90s Hip Hop Baseball Jacket Oversized Letter Icon Print Long Sleeve Outerwear Stand Collar Patchwork Cute Coat to review its details and see if it meets the requirements.'}
init
--------------------------------------------------
http://ec2-3-131-244-37.us-east-2.compute.amazonaws.com:7770/guroa-women-90s-hip-hop-baseball-jacket-oversized-letter-icon-print-long-sleeve-outerwear-stand-collar-patchwork-cute-coat.html
Taking action [{"type": "back", "description": "Navigating back to the previous page to review other search results, since this product does not meet the color requirement of bright blue."}]
{'type': 'back', 'description': 'Navigating back to the previous page to review other search results, since this product does not meet the color requirement of bright blue.'}
--------------------------------------------------
http://ec2-3-131-244-37.us-east-2.compute.amazonaws.com:7770/catalogsearch/result/?q=unisex+oversized+denim+jacket
Taking action [{"type": "click", "name": "search_results._winter_warm_denim_jacket_faux_collar_thick_trucker_jeans_coat_women_women_silk_camisole_tanks_.view_product", "description": "Clicking on the product 'Winter Warm Denim Jacket Faux Collar Thick Trucker Jeans Coat Women women silk camisole tanks' from the search results."}]
{'type': 'click', 'name': 'search_results._winter_warm_denim_jacket_faux_collar_thick_trucker_jeans_coat_women_women_silk_camisole_tanks_.view_product', 'description': "Clicking on the product 'Winter Warm Denim Jacket Faux Collar Thick Trucker Jeans Coat Women women silk camisole tanks' from the search results."}
init
Traceback (most recent call last):
  File "/Volumes/Code/simulated_web_agent/src/simulated_web_agent/executor/env.py", line 676, in step
    self.browser.click(action["name"])
  File "/Volumes/Code/simulated_web_agent/src/simulated_web_agent/executor/env.py", line 500, in click
    self.clickables[name].click()
  File "/Users/leo/micromamba/envs/simulated_web_agent/lib/python3.9/site-packages/selenium/webdriver/remote/webelement.py", line 94, in click
    self._execute(Command.CLICK_ELEMENT)
  File "/Users/leo/micromamba/envs/simulated_web_agent/lib/python3.9/site-packages/selenium/webdriver/remote/webelement.py", line 395, in _execute
    return self._parent.execute(command, params)
  File "/Users/leo/micromamba/envs/simulated_web_agent/lib/python3.9/site-packages/selenium/webdriver/remote/webdriver.py", line 354, in execute
    self.error_handler.check_response(response)
  File "/Users/leo/micromamba/envs/simulated_web_agent/lib/python3.9/site-packages/selenium/webdriver/remote/errorhandler.py", line 229, in check_response
    raise exception_class(message, screen, stacktrace)
selenium.common.exceptions.WebDriverException: Message: disconnected: not connected to DevTools
  (failed to check if window was closed: disconnected: not connected to DevTools)
  (Session info: chrome=128.0.6613.113)
Stacktrace:
0   chromedriver                        0x0000000100dcf9a8 cxxbridge1$str$ptr + 1887096
1   chromedriver                        0x0000000100dc7e10 cxxbridge1$str$ptr + 1855456
2   chromedriver                        0x00000001009ccbe0 cxxbridge1$string$len + 89508
3   chromedriver                        0x00000001009b6a68 core::str::slice_error_fail::h6c488016ada29016 + 64036
4   chromedriver                        0x00000001009b69a8 core::str::slice_error_fail::h6c488016ada29016 + 63844
5   chromedriver                        0x0000000100a49f08 cxxbridge1$string$len + 602316
6   chromedriver                        0x0000000100a05a08 cxxbridge1$string$len + 322508
7   chromedriver                        0x0000000100a0666c cxxbridge1$string$len + 325680
8   chromedriver                        0x0000000100d96068 cxxbridge1$str$ptr + 1651256
9   chromedriver                        0x0000000100d9a99c cxxbridge1$str$ptr + 1669996
10  chromedriver                        0x0000000100d7b1fc cxxbridge1$str$ptr + 1541068
11  chromedriver                        0x0000000100d9b26c cxxbridge1$str$ptr + 1672252
12  chromedriver                        0x0000000100d6c810 cxxbridge1$str$ptr + 1481184
13  chromedriver                        0x0000000100db9108 cxxbridge1$str$ptr + 1794776
14  chromedriver                        0x0000000100db9284 cxxbridge1$str$ptr + 1795156
15  chromedriver                        0x0000000100dc7aac cxxbridge1$str$ptr + 1854588
16  libsystem_pthread.dylib             0x000000019072ef94 _pthread_start + 136
17  libsystem_pthread.dylib             0x0000000190729d34 thread_start + 8


Traceback (most recent call last):
  File "/Volumes/Code/simulated_web_agent/src/simulated_web_agent/webshop/batch.py", line 68, in main
    observation, reward, terminated, truncated, info = env.step(action)
  File "/Users/leo/micromamba/envs/simulated_web_agent/lib/python3.9/site-packages/gymnasium/wrappers/order_enforcing.py", line 56, in step
    return self.env.step(action)
  File "/Users/leo/micromamba/envs/simulated_web_agent/lib/python3.9/site-packages/gymnasium/wrappers/env_checker.py", line 51, in step
    return self.env.step(action)
  File "/Volumes/Code/simulated_web_agent/src/simulated_web_agent/executor/env.py", line 717, in step
    obs = self.browser.observe()
  File "/Volumes/Code/simulated_web_agent/src/simulated_web_agent/executor/env.py", line 512, in observe
    wait.until(
  File "/Users/leo/micromamba/envs/simulated_web_agent/lib/python3.9/site-packages/selenium/webdriver/support/wait.py", line 96, in until
    value = method(self._driver)
  File "/Volumes/Code/simulated_web_agent/src/simulated_web_agent/executor/env.py", line 513, in <lambda>
    lambda driver: driver.execute_script("return document.readyState")
  File "/Users/leo/micromamba/envs/simulated_web_agent/lib/python3.9/site-packages/selenium/webdriver/remote/webdriver.py", line 414, in execute_script
    return self.execute(command, {"script": script, "args": converted_args})["value"]
  File "/Users/leo/micromamba/envs/simulated_web_agent/lib/python3.9/site-packages/selenium/webdriver/remote/webdriver.py", line 354, in execute
    self.error_handler.check_response(response)
  File "/Users/leo/micromamba/envs/simulated_web_agent/lib/python3.9/site-packages/selenium/webdriver/remote/errorhandler.py", line 229, in check_response
    raise exception_class(message, screen, stacktrace)
selenium.common.exceptions.WebDriverException: Message: disconnected: not connected to DevTools
  (failed to check if window was closed: disconnected: not connected to DevTools)
  (Session info: chrome=128.0.6613.113)
Stacktrace:
0   chromedriver                        0x0000000100dcf9a8 cxxbridge1$str$ptr + 1887096
1   chromedriver                        0x0000000100dc7e10 cxxbridge1$str$ptr + 1855456
2   chromedriver                        0x00000001009ccbe0 cxxbridge1$string$len + 89508
3   chromedriver                        0x00000001009b6a68 core::str::slice_error_fail::h6c488016ada29016 + 64036
4   chromedriver                        0x00000001009b69a8 core::str::slice_error_fail::h6c488016ada29016 + 63844
5   chromedriver                        0x0000000100a49f08 cxxbridge1$string$len + 602316
6   chromedriver                        0x0000000100a05a08 cxxbridge1$string$len + 322508
7   chromedriver                        0x0000000100a0666c cxxbridge1$string$len + 325680
8   chromedriver                        0x0000000100d96068 cxxbridge1$str$ptr + 1651256
9   chromedriver                        0x0000000100d9a99c cxxbridge1$str$ptr + 1669996
10  chromedriver                        0x0000000100d7b1fc cxxbridge1$str$ptr + 1541068
11  chromedriver                        0x0000000100d9b26c cxxbridge1$str$ptr + 1672252
12  chromedriver                        0x0000000100d6c810 cxxbridge1$str$ptr + 1481184
13  chromedriver                        0x0000000100db9108 cxxbridge1$str$ptr + 1794776
14  chromedriver                        0x0000000100db9284 cxxbridge1$str$ptr + 1795156
15  chromedriver                        0x0000000100dc7aac cxxbridge1$str$ptr + 1854588
16  libsystem_pthread.dylib             0x000000019072ef94 _pthread_start + 136
17  libsystem_pthread.dylib             0x0000000190729d34 thread_start + 8
